<?xml version="1.0" encoding="UTF-8"?>
<!-- Generated by org.testng.reporters.JUnitReportReporter -->
<testsuite hostname="BINTERNS-QA4L" failures="0" tests="3" name="testng.Test1" time="0.010" errors="0" timestamp="2023-03-03T12:07:33 IST" skipped="0">
  <testcase classname="testng.Test1" name="btest" time="0.001"/>
  <system-out/>
  <testcase classname="testng.Test1" name="ctest" time="0.001"/>
  <system-out/>
  <testcase classname="testng.Test1" name="atest" time="0.008"/>
  <system-out/>
</testsuite> <!-- testng.Test1 -->
