<?xml version="1.0" encoding="UTF-8"?>
<!-- Generated by org.testng.reporters.JUnitReportReporter -->
<testsuite hostname="BINTERNS-QA4L" failures="0" tests="3" name="testng.LoginApp" time="24.028" errors="0" timestamp="2023-03-07T15:50:21 IST" skipped="0">
  <testcase classname="testng.LoginApp" name="open" time="19.368"/>
  <system-out/>
  <testcase classname="testng.LoginApp" name="login" time="4.551"/>
  <system-out/>
  <testcase classname="testng.LoginApp" name="close" time="0.109"/>
  <system-out/>
</testsuite> <!-- testng.LoginApp -->
