<?xml version="1.0" encoding="UTF-8"?>
<!-- Generated by org.testng.reporters.JUnitReportReporter -->
<testsuite hostname="BINTERNS-QA4L" failures="0" tests="10" name="testng.InvocationCount" time="0.020" errors="0" timestamp="2023-03-07T10:22:11 IST" skipped="0">
  <testcase classname="testng.InvocationCount" name="test" time="0.000"/>
  <system-out/>
  <testcase classname="testng.InvocationCount" name="test" time="0.001"/>
  <system-out/>
  <testcase classname="testng.InvocationCount" name="test" time="0.002"/>
  <system-out/>
  <testcase classname="testng.InvocationCount" name="test" time="0.001"/>
  <system-out/>
  <testcase classname="testng.InvocationCount" name="test" time="0.001"/>
  <system-out/>
  <testcase classname="testng.InvocationCount" name="test" time="0.002"/>
  <system-out/>
  <testcase classname="testng.InvocationCount" name="test" time="0.002"/>
  <system-out/>
  <testcase classname="testng.InvocationCount" name="test" time="0.009"/>
  <system-out/>
  <testcase classname="testng.InvocationCount" name="test" time="0.001"/>
  <system-out/>
  <testcase classname="testng.InvocationCount" name="test" time="0.001"/>
  <system-out/>
</testsuite> <!-- testng.InvocationCount -->
